[INFO ] 2020-01-16 20:40:59 [restartedMain] com.altersoftware.hotel.Application - Starting Application on improve with PID 11736 (D:\myproject\hotel\target\classes started by improve_ in D:\myproject\hotel)
[INFO ] 2020-01-16 20:40:59 [restartedMain] com.altersoftware.hotel.Application - No active profile set, falling back to default profiles: default
[INFO ] 2020-01-16 20:40:59 [restartedMain] o.s.b.d.e.DevToolsPropertyDefaultsPostProcessor - Devtools property defaults active! Set 'spring.devtools.add-properties' to 'false' to disable
[INFO ] 2020-01-16 20:40:59 [restartedMain] o.s.b.d.e.DevToolsPropertyDefaultsPostProcessor - For additional web related logging consider setting the 'logging.level.web' property to 'DEBUG'
[INFO ] 2020-01-16 20:40:59 [restartedMain] o.s.c.s.PostProcessorRegistrationDelegate$BeanPostProcessorChecker - Bean 'shiroConfig' of type [com.altersoftware.hotel.config.shiro.ShiroConfig$$EnhancerBySpringCGLIB$$f958272c] is not eligible for getting processed by all BeanPostProcessors (for example: not eligible for auto-proxying)
[INFO ] 2020-01-16 20:40:59 [restartedMain] o.s.c.s.PostProcessorRegistrationDelegate$BeanPostProcessorChecker - Bean 'org.springframework.transaction.annotation.ProxyTransactionManagementConfiguration' of type [org.springframework.transaction.annotation.ProxyTransactionManagementConfiguration$$EnhancerBySpringCGLIB$$2b103ea5] is not eligible for getting processed by all BeanPostProcessors (for example: not eligible for auto-proxying)
[INFO ] 2020-01-16 20:40:59 [restartedMain] o.s.c.s.PostProcessorRegistrationDelegate$BeanPostProcessorChecker - Bean 'mybatis-org.mybatis.spring.boot.autoconfigure.MybatisProperties' of type [org.mybatis.spring.boot.autoconfigure.MybatisProperties] is not eligible for getting processed by all BeanPostProcessors (for example: not eligible for auto-proxying)
[INFO ] 2020-01-16 20:40:59 [restartedMain] o.s.c.s.PostProcessorRegistrationDelegate$BeanPostProcessorChecker - Bean 'org.mybatis.spring.boot.autoconfigure.MybatisAutoConfiguration' of type [org.mybatis.spring.boot.autoconfigure.MybatisAutoConfiguration$$EnhancerBySpringCGLIB$$5de48fd5] is not eligible for getting processed by all BeanPostProcessors (for example: not eligible for auto-proxying)
[INFO ] 2020-01-16 20:40:59 [restartedMain] o.s.c.s.PostProcessorRegistrationDelegate$BeanPostProcessorChecker - Bean 'org.springframework.boot.autoconfigure.jdbc.DataSourceConfiguration$Hikari' of type [org.springframework.boot.autoconfigure.jdbc.DataSourceConfiguration$Hikari] is not eligible for getting processed by all BeanPostProcessors (for example: not eligible for auto-proxying)
[INFO ] 2020-01-16 20:40:59 [restartedMain] o.s.c.s.PostProcessorRegistrationDelegate$BeanPostProcessorChecker - Bean 'spring.datasource-org.springframework.boot.autoconfigure.jdbc.DataSourceProperties' of type [org.springframework.boot.autoconfigure.jdbc.DataSourceProperties] is not eligible for getting processed by all BeanPostProcessors (for example: not eligible for auto-proxying)
[INFO ] 2020-01-16 20:40:59 [restartedMain] o.s.c.s.PostProcessorRegistrationDelegate$BeanPostProcessorChecker - Bean 'dataSource' of type [com.zaxxer.hikari.HikariDataSource] is not eligible for getting processed by all BeanPostProcessors (for example: not eligible for auto-proxying)
[INFO ] 2020-01-16 20:40:59 [restartedMain] o.s.c.s.PostProcessorRegistrationDelegate$BeanPostProcessorChecker - Bean 'org.springframework.boot.autoconfigure.jdbc.DataSourceInitializerInvoker' of type [org.springframework.boot.autoconfigure.jdbc.DataSourceInitializerInvoker] is not eligible for getting processed by all BeanPostProcessors (for example: not eligible for auto-proxying)
[INFO ] 2020-01-16 20:43:32 [restartedMain] com.altersoftware.hotel.Application - Starting Application on improve with PID 8320 (D:\myproject\hotel\target\classes started by improve_ in D:\myproject\hotel)
[INFO ] 2020-01-16 20:43:32 [restartedMain] com.altersoftware.hotel.Application - No active profile set, falling back to default profiles: default
[INFO ] 2020-01-16 20:43:32 [restartedMain] o.s.b.d.e.DevToolsPropertyDefaultsPostProcessor - Devtools property defaults active! Set 'spring.devtools.add-properties' to 'false' to disable
[INFO ] 2020-01-16 20:43:32 [restartedMain] o.s.b.d.e.DevToolsPropertyDefaultsPostProcessor - For additional web related logging consider setting the 'logging.level.web' property to 'DEBUG'
[INFO ] 2020-01-16 20:43:32 [restartedMain] o.s.c.s.PostProcessorRegistrationDelegate$BeanPostProcessorChecker - Bean 'shiroConfig' of type [com.altersoftware.hotel.config.shiro.ShiroConfig$$EnhancerBySpringCGLIB$$829c4d35] is not eligible for getting processed by all BeanPostProcessors (for example: not eligible for auto-proxying)
[INFO ] 2020-01-16 20:43:32 [restartedMain] o.s.c.s.PostProcessorRegistrationDelegate$BeanPostProcessorChecker - Bean 'org.springframework.transaction.annotation.ProxyTransactionManagementConfiguration' of type [org.springframework.transaction.annotation.ProxyTransactionManagementConfiguration$$EnhancerBySpringCGLIB$$b45464ae] is not eligible for getting processed by all BeanPostProcessors (for example: not eligible for auto-proxying)
[INFO ] 2020-01-16 20:43:32 [restartedMain] o.s.c.s.PostProcessorRegistrationDelegate$BeanPostProcessorChecker - Bean 'mybatis-org.mybatis.spring.boot.autoconfigure.MybatisProperties' of type [org.mybatis.spring.boot.autoconfigure.MybatisProperties] is not eligible for getting processed by all BeanPostProcessors (for example: not eligible for auto-proxying)
[INFO ] 2020-01-16 20:43:32 [restartedMain] o.s.c.s.PostProcessorRegistrationDelegate$BeanPostProcessorChecker - Bean 'org.mybatis.spring.boot.autoconfigure.MybatisAutoConfiguration' of type [org.mybatis.spring.boot.autoconfigure.MybatisAutoConfiguration$$EnhancerBySpringCGLIB$$e728b5de] is not eligible for getting processed by all BeanPostProcessors (for example: not eligible for auto-proxying)
[INFO ] 2020-01-16 20:43:32 [restartedMain] o.s.c.s.PostProcessorRegistrationDelegate$BeanPostProcessorChecker - Bean 'org.springframework.boot.autoconfigure.jdbc.DataSourceConfiguration$Hikari' of type [org.springframework.boot.autoconfigure.jdbc.DataSourceConfiguration$Hikari] is not eligible for getting processed by all BeanPostProcessors (for example: not eligible for auto-proxying)
[INFO ] 2020-01-16 20:43:32 [restartedMain] o.s.c.s.PostProcessorRegistrationDelegate$BeanPostProcessorChecker - Bean 'spring.datasource-org.springframework.boot.autoconfigure.jdbc.DataSourceProperties' of type [org.springframework.boot.autoconfigure.jdbc.DataSourceProperties] is not eligible for getting processed by all BeanPostProcessors (for example: not eligible for auto-proxying)
[INFO ] 2020-01-16 20:43:32 [restartedMain] o.s.c.s.PostProcessorRegistrationDelegate$BeanPostProcessorChecker - Bean 'dataSource' of type [com.zaxxer.hikari.HikariDataSource] is not eligible for getting processed by all BeanPostProcessors (for example: not eligible for auto-proxying)
[INFO ] 2020-01-16 20:43:32 [restartedMain] o.s.c.s.PostProcessorRegistrationDelegate$BeanPostProcessorChecker - Bean 'org.springframework.boot.autoconfigure.jdbc.DataSourceInitializerInvoker' of type [org.springframework.boot.autoconfigure.jdbc.DataSourceInitializerInvoker] is not eligible for getting processed by all BeanPostProcessors (for example: not eligible for auto-proxying)
[INFO ] 2020-01-16 20:45:00 [restartedMain] com.altersoftware.hotel.Application - Starting Application on improve with PID 1232 (D:\myproject\hotel\target\classes started by improve_ in D:\myproject\hotel)
[INFO ] 2020-01-16 20:45:00 [restartedMain] com.altersoftware.hotel.Application - No active profile set, falling back to default profiles: default
[INFO ] 2020-01-16 20:45:00 [restartedMain] o.s.b.d.e.DevToolsPropertyDefaultsPostProcessor - Devtools property defaults active! Set 'spring.devtools.add-properties' to 'false' to disable
[INFO ] 2020-01-16 20:45:00 [restartedMain] o.s.b.d.e.DevToolsPropertyDefaultsPostProcessor - For additional web related logging consider setting the 'logging.level.web' property to 'DEBUG'
[INFO ] 2020-01-16 20:45:00 [restartedMain] o.s.c.s.PostProcessorRegistrationDelegate$BeanPostProcessorChecker - Bean 'shiroConfig' of type [com.altersoftware.hotel.config.shiro.ShiroConfig$$EnhancerBySpringCGLIB$$bc8bc55c] is not eligible for getting processed by all BeanPostProcessors (for example: not eligible for auto-proxying)
[INFO ] 2020-01-16 20:45:00 [restartedMain] o.s.c.s.PostProcessorRegistrationDelegate$BeanPostProcessorChecker - Bean 'org.springframework.transaction.annotation.ProxyTransactionManagementConfiguration' of type [org.springframework.transaction.annotation.ProxyTransactionManagementConfiguration$$EnhancerBySpringCGLIB$$ee43dcd5] is not eligible for getting processed by all BeanPostProcessors (for example: not eligible for auto-proxying)
[INFO ] 2020-01-16 20:45:00 [restartedMain] o.s.c.s.PostProcessorRegistrationDelegate$BeanPostProcessorChecker - Bean 'mybatis-org.mybatis.spring.boot.autoconfigure.MybatisProperties' of type [org.mybatis.spring.boot.autoconfigure.MybatisProperties] is not eligible for getting processed by all BeanPostProcessors (for example: not eligible for auto-proxying)
[INFO ] 2020-01-16 20:45:00 [restartedMain] o.s.c.s.PostProcessorRegistrationDelegate$BeanPostProcessorChecker - Bean 'org.mybatis.spring.boot.autoconfigure.MybatisAutoConfiguration' of type [org.mybatis.spring.boot.autoconfigure.MybatisAutoConfiguration$$EnhancerBySpringCGLIB$$21182e05] is not eligible for getting processed by all BeanPostProcessors (for example: not eligible for auto-proxying)
[INFO ] 2020-01-16 20:45:00 [restartedMain] o.s.c.s.PostProcessorRegistrationDelegate$BeanPostProcessorChecker - Bean 'org.springframework.boot.autoconfigure.jdbc.DataSourceConfiguration$Hikari' of type [org.springframework.boot.autoconfigure.jdbc.DataSourceConfiguration$Hikari] is not eligible for getting processed by all BeanPostProcessors (for example: not eligible for auto-proxying)
[INFO ] 2020-01-16 20:45:00 [restartedMain] o.s.c.s.PostProcessorRegistrationDelegate$BeanPostProcessorChecker - Bean 'spring.datasource-org.springframework.boot.autoconfigure.jdbc.DataSourceProperties' of type [org.springframework.boot.autoconfigure.jdbc.DataSourceProperties] is not eligible for getting processed by all BeanPostProcessors (for example: not eligible for auto-proxying)
[INFO ] 2020-01-16 20:45:00 [restartedMain] o.s.c.s.PostProcessorRegistrationDelegate$BeanPostProcessorChecker - Bean 'dataSource' of type [com.zaxxer.hikari.HikariDataSource] is not eligible for getting processed by all BeanPostProcessors (for example: not eligible for auto-proxying)
[INFO ] 2020-01-16 20:45:00 [restartedMain] o.s.c.s.PostProcessorRegistrationDelegate$BeanPostProcessorChecker - Bean 'org.springframework.boot.autoconfigure.jdbc.DataSourceInitializerInvoker' of type [org.springframework.boot.autoconfigure.jdbc.DataSourceInitializerInvoker] is not eligible for getting processed by all BeanPostProcessors (for example: not eligible for auto-proxying)
[INFO ] 2020-01-16 20:45:00 [restartedMain] o.s.c.s.PostProcessorRegistrationDelegate$BeanPostProcessorChecker - Bean 'sqlSessionFactory' of type [org.apache.ibatis.session.defaults.DefaultSqlSessionFactory] is not eligible for getting processed by all BeanPostProcessors (for example: not eligible for auto-proxying)
[INFO ] 2020-01-16 20:45:00 [restartedMain] o.s.c.s.PostProcessorRegistrationDelegate$BeanPostProcessorChecker - Bean 'sqlSessionTemplate' of type [org.mybatis.spring.SqlSessionTemplate] is not eligible for getting processed by all BeanPostProcessors (for example: not eligible for auto-proxying)
[INFO ] 2020-01-16 20:45:00 [restartedMain] o.s.c.s.PostProcessorRegistrationDelegate$BeanPostProcessorChecker - Bean 'userDAO' of type [org.mybatis.spring.mapper.MapperFactoryBean] is not eligible for getting processed by all BeanPostProcessors (for example: not eligible for auto-proxying)
[INFO ] 2020-01-16 20:45:00 [restartedMain] o.s.c.s.PostProcessorRegistrationDelegate$BeanPostProcessorChecker - Bean 'userDAO' of type [com.sun.proxy.$Proxy62] is not eligible for getting processed by all BeanPostProcessors (for example: not eligible for auto-proxying)
[INFO ] 2020-01-16 20:45:00 [restartedMain] o.s.c.s.PostProcessorRegistrationDelegate$BeanPostProcessorChecker - Bean 'spring.mail-org.springframework.boot.autoconfigure.mail.MailProperties' of type [org.springframework.boot.autoconfigure.mail.MailProperties] is not eligible for getting processed by all BeanPostProcessors (for example: not eligible for auto-proxying)
[INFO ] 2020-01-16 20:45:00 [restartedMain] o.s.c.s.PostProcessorRegistrationDelegate$BeanPostProcessorChecker - Bean 'org.springframework.boot.autoconfigure.mail.MailSenderPropertiesConfiguration' of type [org.springframework.boot.autoconfigure.mail.MailSenderPropertiesConfiguration$$EnhancerBySpringCGLIB$$fa54fec6] is not eligible for getting processed by all BeanPostProcessors (for example: not eligible for auto-proxying)
[INFO ] 2020-01-16 20:45:00 [restartedMain] o.s.c.s.PostProcessorRegistrationDelegate$BeanPostProcessorChecker - Bean 'mailSender' of type [org.springframework.mail.javamail.JavaMailSenderImpl] is not eligible for getting processed by all BeanPostProcessors (for example: not eligible for auto-proxying)
[INFO ] 2020-01-16 20:45:00 [restartedMain] o.s.c.s.PostProcessorRegistrationDelegate$BeanPostProcessorChecker - Bean 'mailWarpper' of type [com.altersoftware.hotel.warpper.MailWarpper] is not eligible for getting processed by all BeanPostProcessors (for example: not eligible for auto-proxying)
[INFO ] 2020-01-16 20:45:00 [restartedMain] o.s.c.s.PostProcessorRegistrationDelegate$BeanPostProcessorChecker - Bean 'userService' of type [com.altersoftware.hotel.service.impl.UserServiceImpl] is not eligible for getting processed by all BeanPostProcessors (for example: not eligible for auto-proxying)
[INFO ] 2020-01-16 20:45:00 [restartedMain] o.s.c.s.PostProcessorRegistrationDelegate$BeanPostProcessorChecker - Bean 'permissionDAO' of type [org.mybatis.spring.mapper.MapperFactoryBean] is not eligible for getting processed by all BeanPostProcessors (for example: not eligible for auto-proxying)
[INFO ] 2020-01-16 20:45:00 [restartedMain] o.s.c.s.PostProcessorRegistrationDelegate$BeanPostProcessorChecker - Bean 'permissionDAO' of type [com.sun.proxy.$Proxy65] is not eligible for getting processed by all BeanPostProcessors (for example: not eligible for auto-proxying)
[INFO ] 2020-01-16 20:45:00 [restartedMain] o.s.c.s.PostProcessorRegistrationDelegate$BeanPostProcessorChecker - Bean 'permissionUserDAO' of type [org.mybatis.spring.mapper.MapperFactoryBean] is not eligible for getting processed by all BeanPostProcessors (for example: not eligible for auto-proxying)
[INFO ] 2020-01-16 20:45:00 [restartedMain] o.s.c.s.PostProcessorRegistrationDelegate$BeanPostProcessorChecker - Bean 'permissionUserDAO' of type [com.sun.proxy.$Proxy66] is not eligible for getting processed by all BeanPostProcessors (for example: not eligible for auto-proxying)
[INFO ] 2020-01-16 20:45:00 [restartedMain] o.s.c.s.PostProcessorRegistrationDelegate$BeanPostProcessorChecker - Bean 'permissionGroupDAO' of type [org.mybatis.spring.mapper.MapperFactoryBean] is not eligible for getting processed by all BeanPostProcessors (for example: not eligible for auto-proxying)
[INFO ] 2020-01-16 20:45:00 [restartedMain] o.s.c.s.PostProcessorRegistrationDelegate$BeanPostProcessorChecker - Bean 'permissionGroupDAO' of type [com.sun.proxy.$Proxy67] is not eligible for getting processed by all BeanPostProcessors (for example: not eligible for auto-proxying)
[INFO ] 2020-01-16 20:45:00 [restartedMain] o.s.c.s.PostProcessorRegistrationDelegate$BeanPostProcessorChecker - Bean 'permissionGroupPermissionDAO' of type [org.mybatis.spring.mapper.MapperFactoryBean] is not eligible for getting processed by all BeanPostProcessors (for example: not eligible for auto-proxying)
[INFO ] 2020-01-16 20:45:00 [restartedMain] o.s.c.s.PostProcessorRegistrationDelegate$BeanPostProcessorChecker - Bean 'permissionGroupPermissionDAO' of type [com.sun.proxy.$Proxy68] is not eligible for getting processed by all BeanPostProcessors (for example: not eligible for auto-proxying)
[INFO ] 2020-01-16 20:45:00 [restartedMain] o.s.c.s.PostProcessorRegistrationDelegate$BeanPostProcessorChecker - Bean 'permissionService' of type [com.altersoftware.hotel.service.impl.PermissionServiceImpl] is not eligible for getting processed by all BeanPostProcessors (for example: not eligible for auto-proxying)
[INFO ] 2020-01-16 20:45:00 [restartedMain] o.s.c.s.PostProcessorRegistrationDelegate$BeanPostProcessorChecker - Bean 'envUtil' of type [com.altersoftware.hotel.util.EnvUtil] is not eligible for getting processed by all BeanPostProcessors (for example: not eligible for auto-proxying)
[INFO ] 2020-01-16 20:45:00 [restartedMain] o.s.c.s.PostProcessorRegistrationDelegate$BeanPostProcessorChecker - Bean 'userRealm' of type [com.altersoftware.hotel.config.shiro.UserRealm] is not eligible for getting processed by all BeanPostProcessors (for example: not eligible for auto-proxying)
[INFO ] 2020-01-16 20:45:00 [restartedMain] o.s.c.s.PostProcessorRegistrationDelegate$BeanPostProcessorChecker - Bean 'securityManager' of type [org.apache.shiro.web.mgt.DefaultWebSecurityManager] is not eligible for getting processed by all BeanPostProcessors (for example: not eligible for auto-proxying)
[INFO ] 2020-01-16 20:45:00 [restartedMain] o.s.b.w.e.tomcat.TomcatWebServer - Tomcat initialized with port(s): 7901 (http)
[INFO ] 2020-01-16 20:45:00 [restartedMain] o.a.coyote.http11.Http11NioProtocol - Initializing ProtocolHandler ["http-nio-7901"]
[INFO ] 2020-01-16 20:45:00 [restartedMain] o.a.catalina.core.StandardService - Starting service [Tomcat]
[INFO ] 2020-01-16 20:45:00 [restartedMain] o.a.catalina.core.StandardEngine - Starting Servlet Engine: Apache Tomcat/9.0.12
[INFO ] 2020-01-16 20:45:00 [restartedMain] o.a.c.core.AprLifecycleListener - The APR based Apache Tomcat Native library which allows optimal performance in production environments was not found on the java.library.path: [D:\Program Files\Java\jdk1.8.0_221\bin;C:\WINDOWS\Sun\Java\bin;C:\WINDOWS\system32;C:\WINDOWS;C:\Program Files (x86)\Common Files\Oracle\Java\javapath;D:\Anaconda3;D:\Anaconda3\Library\mingw-w64\bin;D:\Anaconda3\Library\usr\bin;D:\Anaconda3\Library\bin;D:\Anaconda3\Scripts;D:\oracle\OracleXE\orcle\app\oracle\product\11.2.0\server\bin;C:\Program Files (x86)\Intel\iCLS Client\;C:\Program Files\Intel\iCLS Client\;C:\Windows\system32;C:\Windows;C:\Windows\System32\Wbem;C:\Windows\System32\WindowsPowerShell\v1.0\;C:\Program Files (x86)\NVIDIA Corporation\PhysX\Common;C:\Program Files (x86)\Intel\Intel(R) Management Engine Components\DAL;C:\Program Files\Intel\Intel(R) Management Engine Components\DAL;C:\Program Files (x86)\Intel\Intel(R) Management Engine Components\IPT;C:\Program Files\Intel\Intel(R) Management Engine Components\IPT;C:\WINDOWS\system32;C:\WINDOWS;C:\WINDOWS\System32\Wbem;C:\WINDOWS\System32\WindowsPowerShell\v1.0\;C:\WINDOWS\System32\OpenSSH\;C:\Users\path;C:\Program Files\MySQL\MySQL Server 8.0\bin;D:\IDEA\IntelliJ IDEA 2019.1.2\bin;D:\git\Git\cmd;D:\IDEA\IDE\clothesmarketsystem\src\com\vince\res;C:\Program Files\nodejs;D:\IDEA\IDE;D:\apache-tomcat\bin;D:\Java-8\bin;D:\apache-maven-3.3.3\bin\;D:\android\platform-tools;D:\android\tools;D:\android\tools;D:\Program Files\Java\jdk1.8.0_221\bin;D:\Program Files\Java\jdk1.8.0_221\jre\bin;D:\Tesseract-OCR;;D:\Program Files (x86)\WinSCP\;C:\Program Files\NVIDIA Corporation\NVIDIA NvDLISR;C:\Users\improve\AppData\Local\Microsoft\WindowsApps;C:\Users\improve\AppData\Local\BypassRuntm;D:\IDEA\IntelliJ IDEA 2019.1.2\bin;D:\java\IDE\IntelliJ IDEA 2019.1.3\bin;C:\Users\improve\AppData\Roaming\npm;D:\PyCharm\PyCharm 2019.1\bin;C:\Users\improve\AppData\Local\GitHubDesktop\bin;%USERPROFILE%\AppData\Local\Microsoft\WindowsApps;;.]
[INFO ] 2020-01-16 20:45:00 [restartedMain] o.a.c.c.C.[.[localhost].[/hotel] - Initializing Spring embedded WebApplicationContext
[INFO ] 2020-01-16 20:45:00 [restartedMain] o.s.web.context.ContextLoader - Root WebApplicationContext: initialization completed in 2445 ms
[INFO ] 2020-01-16 20:45:00 [restartedMain] o.s.b.w.s.ServletRegistrationBean - Servlet dispatcherServlet mapped to [/]
[INFO ] 2020-01-16 20:45:00 [restartedMain] o.s.b.w.s.FilterRegistrationBean - Mapping filter: 'characterEncodingFilter' to: [/*]
[INFO ] 2020-01-16 20:45:00 [restartedMain] o.s.b.w.s.FilterRegistrationBean - Mapping filter: 'hiddenHttpMethodFilter' to: [/*]
[INFO ] 2020-01-16 20:45:00 [restartedMain] o.s.b.w.s.FilterRegistrationBean - Mapping filter: 'formContentFilter' to: [/*]
[INFO ] 2020-01-16 20:45:00 [restartedMain] o.s.b.w.s.FilterRegistrationBean - Mapping filter: 'requestContextFilter' to: [/*]
[INFO ] 2020-01-16 20:45:00 [restartedMain] o.s.b.w.s.FilterRegistrationBean - Mapping filter: 'getShiroFilterFactoryBean' to: [/*]
[INFO ] 2020-01-16 20:45:00 [restartedMain] o.s.s.c.ThreadPoolTaskExecutor - Initializing ExecutorService 'applicationTaskExecutor'
[INFO ] 2020-01-16 20:45:00 [restartedMain] o.s.b.a.w.s.WelcomePageHandlerMapping - Adding welcome page: class path resource [static/index.html]
[INFO ] 2020-01-16 20:45:00 [restartedMain] o.s.b.d.a.OptionalLiveReloadServer - LiveReload server is running on port 35729
[INFO ] 2020-01-16 20:45:00 [restartedMain] o.a.coyote.http11.Http11NioProtocol - Starting ProtocolHandler ["http-nio-7901"]
[INFO ] 2020-01-16 20:45:00 [restartedMain] o.a.tomcat.util.net.NioSelectorPool - Using a shared selector for servlet write/read
[INFO ] 2020-01-16 20:45:00 [restartedMain] o.s.b.w.e.tomcat.TomcatWebServer - Tomcat started on port(s): 7901 (http) with context path '/hotel'
[INFO ] 2020-01-16 20:45:00 [restartedMain] com.altersoftware.hotel.Application - Started Application in 3.849 seconds (JVM running for 5.054)
[INFO ] 2020-01-16 20:45:00 [http-nio-7901-exec-1] o.a.c.c.C.[.[localhost].[/hotel] - Initializing Spring DispatcherServlet 'dispatcherServlet'
[INFO ] 2020-01-16 20:45:00 [http-nio-7901-exec-1] o.s.web.servlet.DispatcherServlet - Initializing Servlet 'dispatcherServlet'
[INFO ] 2020-01-16 20:45:00 [http-nio-7901-exec-1] o.s.web.servlet.DispatcherServlet - Completed initialization in 10 ms
[INFO ] 2020-01-16 20:45:00 [http-nio-7901-exec-1] sessionContentHolderLogger - user session has been deleted
[INFO ] 2020-01-16 20:45:00 [http-nio-7901-exec-5] com.zaxxer.hikari.HikariDataSource - HikariPool-1 - Starting...
[INFO ] 2020-01-16 20:45:00 [http-nio-7901-exec-5] com.zaxxer.hikari.HikariDataSource - HikariPool-1 - Start completed.
[INFO ] 2020-01-16 20:45:00 [http-nio-7901-exec-5] serviceLogger - sign in success, userDO=UserDO [id=0, academyId=0, classId=0, number=10001, password=94edf28c6d6da38fd35d7ad53e485307f89fbeaf120485c8d17a43f323deee71, name=null, type=0, sex=null, idCardNumber=null, phone=null, mail=null, picture=null, faceToken=null, createTime=null, modifyTime=null]
[INFO ] 2020-01-16 20:45:00 [http-nio-7901-exec-5] serviceLogger - get userDO by number success, number=10001
[INFO ] 2020-01-16 20:45:00 [http-nio-7901-exec-5] controllerLogger - shiro authentication success, authenticationToken=org.apache.shiro.authc.UsernamePasswordToken - 10001, rememberMe=false, userDO=UserDO [id=31, academyId=1, classId=0, number=10001, password=94edf28c6d6da38fd35d7ad53e485307f89fbeaf120485c8d17a43f323deee71, name=管理员, type=1, sex=男, idCardNumber=879656566532x, phone=17788888888, mail=testTeacher@qq.com, picture=null, faceToken=null, createTime=Sat Feb 02 00:00:00 CST 2019, modifyTime=Sun Feb 03 00:00:00 CST 2019]
[INFO ] 2020-01-16 20:45:00 [http-nio-7901-exec-5] serviceLogger - shiro authentication success, userId=31
[INFO ] 2020-01-16 20:45:00 [http-nio-7901-exec-5] controllerLogger - sign in success, userDO=UserDO [id=0, academyId=0, classId=0, number=10001, password=94edf28c6d6da38fd35d7ad53e485307f89fbeaf120485c8d17a43f323deee71, name=null, type=0, sex=null, idCardNumber=null, phone=null, mail=null, picture=null, faceToken=null, createTime=null, modifyTime=null], sessionId=2BE710CCB29E138B80ADE99DD6291830
[INFO ] 2020-01-16 20:45:00 [http-nio-7901-exec-5] serviceLogger - getUserDOById success, userId=31
[INFO ] 2020-01-16 20:45:00 [http-nio-7901-exec-3] serviceLogger - getUserDOById success, userId=31
[INFO ] 2020-01-16 20:45:00 [http-nio-7901-exec-3] permissionContentHolderLogger - user permission has been deleted
[INFO ] 2020-01-16 20:45:00 [http-nio-7901-exec-3] controllerLogger - shiro authorization success, userId=31, principalCollection=31
[INFO ] 2020-01-16 20:45:00 [http-nio-7901-exec-3] controllerLogger - shiro authorization success, userId=31, principalCollection=31
[INFO ] 2020-01-16 20:45:00 [http-nio-7901-exec-3] controllerLogger - shiro authorization success, userId=31, principalCollection=31
[INFO ] 2020-01-16 20:45:00 [http-nio-7901-exec-3] controllerLogger - shiro authorization success, userId=31, principalCollection=31
[INFO ] 2020-01-16 20:45:00 [http-nio-7901-exec-3] controllerLogger - shiro authorization success, userId=31, principalCollection=31
[INFO ] 2020-01-16 20:45:00 [http-nio-7901-exec-3] controllerLogger - shiro authorization success, userId=31, principalCollection=31
[INFO ] 2020-01-16 20:45:00 [http-nio-7901-exec-3] controllerLogger - shiro authorization success, userId=31, principalCollection=31
[INFO ] 2020-01-16 20:45:00 [http-nio-7901-exec-3] controllerLogger - shiro authorization success, userId=31, principalCollection=31
[INFO ] 2020-01-16 20:45:00 [http-nio-7901-exec-3] controllerLogger - shiro authorization success, userId=31, principalCollection=31
[INFO ] 2020-01-16 20:45:00 [http-nio-7901-exec-3] controllerLogger - shiro authorization success, userId=31, principalCollection=31
[INFO ] 2020-01-16 20:45:00 [http-nio-7901-exec-3] controllerLogger - shiro authorization success, userId=31, principalCollection=31
[INFO ] 2020-01-16 20:45:00 [http-nio-7901-exec-3] controllerLogger - shiro authorization success, userId=31, principalCollection=31
[INFO ] 2020-01-16 20:45:00 [http-nio-7901-exec-3] controllerLogger - shiro authorization success, userId=31, principalCollection=31
[INFO ] 2020-01-16 20:45:00 [http-nio-7901-exec-3] controllerLogger - shiro authorization success, userId=31, principalCollection=31
[INFO ] 2020-01-16 20:45:00 [http-nio-7901-exec-3] controllerLogger - shiro authorization success, userId=31, principalCollection=31
[INFO ] 2020-01-16 20:45:00 [http-nio-7901-exec-3] controllerLogger - shiro authorization success, userId=31, principalCollection=31
[INFO ] 2020-01-16 20:45:00 [http-nio-7901-exec-3] controllerLogger - shiro authorization success, userId=31, principalCollection=31
[INFO ] 2020-01-16 20:45:00 [http-nio-7901-exec-3] controllerLogger - shiro authorization success, userId=31, principalCollection=31
[INFO ] 2020-01-16 20:45:00 [http-nio-7901-exec-3] controllerLogger - shiro authorization success, userId=31, principalCollection=31
[INFO ] 2020-01-16 20:45:00 [http-nio-7901-exec-5] controllerLogger - shiro authorization success, userId=31, principalCollection=31
[INFO ] 2020-01-16 20:45:00 [http-nio-7901-exec-5] controllerLogger - shiro authorization success, userId=31, principalCollection=31
[INFO ] 2020-01-16 20:45:00 [http-nio-7901-exec-5] controllerLogger - shiro authorization success, userId=31, principalCollection=31
[INFO ] 2020-01-16 20:45:00 [http-nio-7901-exec-5] controllerLogger - shiro authorization success, userId=31, principalCollection=31
[INFO ] 2020-01-16 20:45:00 [http-nio-7901-exec-5] controllerLogger - shiro authorization success, userId=31, principalCollection=31
[INFO ] 2020-01-16 20:45:00 [http-nio-7901-exec-5] controllerLogger - shiro authorization success, userId=31, principalCollection=31
[INFO ] 2020-01-16 20:45:00 [http-nio-7901-exec-5] controllerLogger - shiro authorization success, userId=31, principalCollection=31
[INFO ] 2020-01-16 20:45:00 [http-nio-7901-exec-5] controllerLogger - shiro authorization success, userId=31, principalCollection=31
[INFO ] 2020-01-16 20:45:00 [http-nio-7901-exec-5] controllerLogger - shiro authorization success, userId=31, principalCollection=31
[INFO ] 2020-01-16 20:45:00 [http-nio-7901-exec-5] controllerLogger - shiro authorization success, userId=31, principalCollection=31
[INFO ] 2020-01-16 20:45:00 [http-nio-7901-exec-5] controllerLogger - shiro authorization success, userId=31, principalCollection=31
[INFO ] 2020-01-16 20:45:00 [http-nio-7901-exec-5] controllerLogger - shiro authorization success, userId=31, principalCollection=31
[INFO ] 2020-01-16 20:45:00 [http-nio-7901-exec-5] controllerLogger - shiro authorization success, userId=31, principalCollection=31
[INFO ] 2020-01-16 20:45:00 [http-nio-7901-exec-5] controllerLogger - shiro authorization success, userId=31, principalCollection=31
[INFO ] 2020-01-16 20:45:00 [http-nio-7901-exec-5] controllerLogger - shiro authorization success, userId=31, principalCollection=31
[INFO ] 2020-01-16 20:45:00 [http-nio-7901-exec-5] controllerLogger - shiro authorization success, userId=31, principalCollection=31
[INFO ] 2020-01-16 20:45:00 [http-nio-7901-exec-5] controllerLogger - shiro authorization success, userId=31, principalCollection=31
[INFO ] 2020-01-16 20:45:00 [http-nio-7901-exec-5] controllerLogger - shiro authorization success, userId=31, principalCollection=31
[INFO ] 2020-01-16 20:45:00 [http-nio-7901-exec-5] controllerLogger - shiro authorization success, userId=31, principalCollection=31
